[debug] [2024-04-29T13:47:14.895Z] ----------------------------------------------------------------------
[debug] [2024-04-29T13:47:14.896Z] Command:       /usr/local/bin/node /usr/local/bin/firebase init hosting
[debug] [2024-04-29T13:47:14.897Z] CLI Version:   13.7.5
[debug] [2024-04-29T13:47:14.897Z] Platform:      darwin
[debug] [2024-04-29T13:47:14.897Z] Node Version:  v18.17.0
[debug] [2024-04-29T13:47:14.898Z] Time:          Mon Apr 29 2024 18:47:14 GMT+0500 (Pakistan Standard Time)
[debug] [2024-04-29T13:47:14.898Z] ----------------------------------------------------------------------
[debug] 
[debug] [2024-04-29T13:47:14.904Z] > command requires scopes: ["email","openid","https://www.googleapis.com/auth/cloudplatformprojects.readonly","https://www.googleapis.com/auth/firebase","https://www.googleapis.com/auth/cloud-platform"]
[debug] [2024-04-29T13:47:14.905Z] > authorizing via signed-in user (abdurhmankhan51@gmail.com)
[info] 
     ######## #### ########  ######## ########     ###     ######  ########
     ##        ##  ##     ## ##       ##     ##  ##   ##  ##       ##
     ######    ##  ########  ######   ########  #########  ######  ######
     ##        ##  ##    ##  ##       ##     ## ##     ##       ## ##
     ##       #### ##     ## ######## ########  ##     ##  ######  ########

You're about to initialize a Firebase project in this directory:

  /Users/lap-103/Downloads/one-react-app

[info] 
=== Project Setup
[info] 
[info] First, let's associate this project directory with a Firebase project.
[info] You can create multiple project aliases by running firebase use --add, 
[info] but for now we'll just set up a default project.
[info] 
[debug] [2024-04-29T13:47:18.815Z] >>> [apiv2][query] GET https://firebase.googleapis.com/v1beta1/projects pageSize=100
[debug] [2024-04-29T13:47:19.783Z] <<< [apiv2][status] GET https://firebase.googleapis.com/v1beta1/projects 200
[debug] [2024-04-29T13:47:19.784Z] <<< [apiv2][body] GET https://firebase.googleapis.com/v1beta1/projects [omitted]
[info] i  Using project weexpo-1917b (WeExpo) 
[info] 
=== Hosting Setup
[debug] [2024-04-29T13:47:22.114Z] >>> [apiv2][query] GET https://firebase.googleapis.com/v1beta1/projects/weexpo-1917b [none]
[debug] [2024-04-29T13:47:22.746Z] <<< [apiv2][status] GET https://firebase.googleapis.com/v1beta1/projects/weexpo-1917b 200
[debug] [2024-04-29T13:47:22.746Z] <<< [apiv2][body] GET https://firebase.googleapis.com/v1beta1/projects/weexpo-1917b {"projectId":"weexpo-1917b","projectNumber":"1002736263310","displayName":"WeExpo","name":"projects/weexpo-1917b","resources":{"hostingSite":"weexpo-1917b"},"state":"ACTIVE","etag":"1_25d2f111-3b05-46be-b6a9-bdce4e8722ab"}
[info] 
[info] Your public directory is the folder (relative to your project directory) that
[info] will contain Hosting assets to be uploaded with firebase deploy. If you
[info] have a build process for your assets, use your build's output directory.
[info] 
[info] ✔  Wrote public/404.html 
[debug] [2024-04-29T13:48:02.141Z] >>> [apiv2][query] GET https://www.gstatic.com/firebasejs/releases.json [none]
[debug] [2024-04-29T13:48:02.568Z] <<< [apiv2][status] GET https://www.gstatic.com/firebasejs/releases.json 200
[debug] [2024-04-29T13:48:02.568Z] <<< [apiv2][body] GET https://www.gstatic.com/firebasejs/releases.json {"current":{"version":"10.11.1","browserURL":"https://www.gstatic.com/firebasejs/10.11.1/firebase.js","packageURL":"https://www.gstatic.com/firebasejs/10.11.1/firebase.tgz"},"live":{"version":"10.11","browserURL":"https://www.gstatic.com/firebasejs/live/10.11/firebase.js","packageURL":"https://www.gstatic.com/firebasejs/live/10.11/firebase.tgz"},"components":{"analytics":"https://www.gstatic.com/firebasejs/10.11.1/firebase-analytics.js","app":"https://www.gstatic.com/firebasejs/10.11.1/firebase-app.js","app-check":"https://www.gstatic.com/firebasejs/10.11.1/firebase-app-check.js","auth":"https://www.gstatic.com/firebasejs/10.11.1/firebase-auth.js","auth/cordova":"https://www.gstatic.com/firebasejs/10.11.1/firebase-auth/cordova.js","auth/web-extension":"https://www.gstatic.com/firebasejs/10.11.1/firebase-auth/web-extension.js","functions":"https://www.gstatic.com/firebasejs/10.11.1/firebase-functions.js","firestore":"https://www.gstatic.com/firebasejs/10.11.1/firebase-firestore.js","firestore/lite":"https://www.gstatic.com/firebasejs/10.11.1/firebase-firestore/lite.js","installations":"https://www.gstatic.com/firebasejs/10.11.1/firebase-installations.js","storage":"https://www.gstatic.com/firebasejs/10.11.1/firebase-storage.js","performance":"https://www.gstatic.com/firebasejs/10.11.1/firebase-performance.js","remote-config":"https://www.gstatic.com/firebasejs/10.11.1/firebase-remote-config.js","messaging":"https://www.gstatic.com/firebasejs/10.11.1/firebase-messaging.js","messaging/sw":"https://www.gstatic.com/firebasejs/10.11.1/firebase-messaging/sw.js","database":"https://www.gstatic.com/firebasejs/10.11.1/firebase-database.js","firestore.memory":"https://www.gstatic.com/firebasejs/10.11.1/firebase-firestore.memory.js"}}
[info] i  Skipping write of public/index.html 
[info] 
[info] i  Detected a .git folder at /Users/lap-103/Downloads/one-react-app 
[info] i  Authorizing with GitHub to upload your service account to a GitHub repository's secrets store. 
[info] 
[info] Visit this URL on this device to log in:
[info] https://github.com/login/oauth/authorize?client_id=89cf50f02ac6aaed3484&state=898073933&redirect_uri=http%3A%2F%2Flocalhost%3A9005&scope=read%3Auser%20repo%20public_repo
[info] 
[info] Waiting for authentication...
[debug] [2024-04-29T13:48:21.201Z] >>> [apiv2][query] POST https://github.com/login/oauth/access_token [none]
[debug] [2024-04-29T13:48:21.201Z] >>> [apiv2][body] POST https://github.com/login/oauth/access_token [stream]
[debug] [2024-04-29T13:48:22.004Z] <<< [apiv2][status] POST https://github.com/login/oauth/access_token 200
[debug] [2024-04-29T13:48:22.004Z] <<< [apiv2][body] POST https://github.com/login/oauth/access_token {"access_token":"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","token_type":"bearer","scope":"read:user,repo"}
[debug] [2024-04-29T13:48:22.013Z] >>> [apiv2][query] GET https://api.github.com/user [none]
[debug] [2024-04-29T13:48:22.795Z] <<< [apiv2][status] GET https://api.github.com/user 200
[debug] [2024-04-29T13:48:22.795Z] <<< [apiv2][body] GET https://api.github.com/user {"login":"Abdul-Rahman0","id":76537358,"node_id":"MDQ6VXNlcjc2NTM3MzU4","avatar_url":"https://avatars.githubusercontent.com/u/76537358?v=4","gravatar_id":"","url":"https://api.github.com/users/Abdul-Rahman0","html_url":"https://github.com/Abdul-Rahman0","followers_url":"https://api.github.com/users/Abdul-Rahman0/followers","following_url":"https://api.github.com/users/Abdul-Rahman0/following{/other_user}","gists_url":"https://api.github.com/users/Abdul-Rahman0/gists{/gist_id}","starred_url":"https://api.github.com/users/Abdul-Rahman0/starred{/owner}{/repo}","subscriptions_url":"https://api.github.com/users/Abdul-Rahman0/subscriptions","organizations_url":"https://api.github.com/users/Abdul-Rahman0/orgs","repos_url":"https://api.github.com/users/Abdul-Rahman0/repos","events_url":"https://api.github.com/users/Abdul-Rahman0/events{/privacy}","received_events_url":"https://api.github.com/users/Abdul-Rahman0/received_events","type":"User","site_admin":false,"name":"Abdurrahman khan","company":null,"blog":"","location":"Lahore Pakistan","email":null,"hireable":null,"bio":"🚀 Ruby on Rails Developer | Full-Stack Expertise | Crafting Seamless Web Experiences\r\n📫 Let's collaborate! Email: abdurhmankhan51@gmail.com","twitter_username":null,"public_repos":7,"public_gists":0,"followers":0,"following":0,"created_at":"2020-12-23T21:02:28Z","updated_at":"2024-04-16T05:59:48Z","private_gists":0,"total_private_repos":12,"owned_private_repos":12,"disk_usage":11023,"collaborators":1,"two_factor_authentication":false,"plan":{"name":"free","space":976562499,"collaborators":0,"private_repos":10000}}
[info] 
[info] ✔  Success! Logged into GitHub as Abdul-Rahman0 
[info] 
[debug] [2024-04-29T13:50:00.502Z] >>> [apiv2][query] GET https://api.github.com/repos//actions/secrets/public-key type=owner
[debug] [2024-04-29T13:50:01.267Z] <<< [apiv2][status] GET https://api.github.com/repos//actions/secrets/public-key 404
[debug] [2024-04-29T13:50:01.268Z] <<< [apiv2][body] GET https://api.github.com/repos//actions/secrets/public-key {"message":"Not Found","documentation_url":"https://docs.github.com/rest"}
[info] 
[info] 
[error] ⚠  The provided authorization cannot be used with this repository. If this repository is in an organization, did you remember to grant access? 
[info] 
[info] i  Action required: Visit this URL to ensure access has been granted to the appropriate organization(s) for the Firebase CLI GitHub OAuth App: 
[info] https://github.com/settings/connections/applications/89cf50f02ac6aaed3484
[info] 
[debug] [2024-04-29T13:50:05.990Z] >>> [apiv2][query] GET https://api.github.com/repos/zfz/actions/secrets/public-key type=owner
[debug] [2024-04-29T13:50:06.634Z] <<< [apiv2][status] GET https://api.github.com/repos/zfz/actions/secrets/public-key 404
[debug] [2024-04-29T13:50:06.635Z] <<< [apiv2][body] GET https://api.github.com/repos/zfz/actions/secrets/public-key {"message":"Not Found","documentation_url":"https://docs.github.com/rest"}
[info] 
[info] 
[error] ⚠  The provided authorization cannot be used with this repository. If this repository is in an organization, did you remember to grant access? 
[info] 
[info] i  Action required: Visit this URL to ensure access has been granted to the appropriate organization(s) for the Firebase CLI GitHub OAuth App: 
[info] https://github.com/settings/connections/applications/89cf50f02ac6aaed3484
[info] 
